Using pre-set license
Built from '2021.3/staging' branch; Version is '2021.3.5f1 (40eb3a945986) revision 4254522'; Using compiler version '192829333'; Build Type 'Release'
OS: 'Windows 10  (10.0.19044) 64bit Core' Language: 'en' Physical Memory: 8013 MB
BatchMode: 1, IsHumanControllingUs: 0, StartBugReporterOnCrash: 0, Is64bit: 1, IsPro: 1

COMMAND LINE ARGUMENTS:
C:\Program Files\Unity\Hub\Editor\2021.3.5f1\Editor\Unity.exe
-adb2
-batchMode
-noUpm
-name
AssetImportWorker0
-projectPath
C:/Users/clove/Documents/GitHub/Planet949/Planet949
-logFile
Logs/AssetImportWorker0.log
-srvPort
62842
Successfully changed project path to: C:/Users/clove/Documents/GitHub/Planet949/Planet949
C:/Users/clove/Documents/GitHub/Planet949/Planet949
[UnityMemory] Configuration Parameters - Can be set up in boot.config
    "memorysetup-bucket-allocator-granularity=16"
    "memorysetup-bucket-allocator-bucket-count=8"
    "memorysetup-bucket-allocator-block-size=33554432"
    "memorysetup-bucket-allocator-block-count=8"
    "memorysetup-main-allocator-block-size=16777216"
    "memorysetup-thread-allocator-block-size=16777216"
    "memorysetup-gfx-main-allocator-block-size=16777216"
    "memorysetup-gfx-thread-allocator-block-size=16777216"
    "memorysetup-cache-allocator-block-size=4194304"
    "memorysetup-typetree-allocator-block-size=2097152"
    "memorysetup-profiler-bucket-allocator-granularity=16"
    "memorysetup-profiler-bucket-allocator-bucket-count=8"
    "memorysetup-profiler-bucket-allocator-block-size=33554432"
    "memorysetup-profiler-bucket-allocator-block-count=8"
    "memorysetup-profiler-allocator-block-size=16777216"
    "memorysetup-profiler-editor-allocator-block-size=1048576"
    "memorysetup-temp-allocator-size-main=16777216"
    "memorysetup-job-temp-allocator-block-size=2097152"
    "memorysetup-job-temp-allocator-block-size-background=1048576"
    "memorysetup-job-temp-allocator-reduction-small-platforms=262144"
    "memorysetup-temp-allocator-size-background-worker=32768"
    "memorysetup-temp-allocator-size-job-worker=262144"
    "memorysetup-temp-allocator-size-preload-manager=33554432"
    "memorysetup-temp-allocator-size-nav-mesh-worker=65536"
    "memorysetup-temp-allocator-size-audio-worker=65536"
    "memorysetup-temp-allocator-size-cloud-worker=32768"
    "memorysetup-temp-allocator-size-gi-baking-worker=262144"
    "memorysetup-temp-allocator-size-gfx=262144"
Refreshing native plugins compatible for Editor in 175.01 ms, found 3 plugins.
Preloading 0 native plugins for Editor in 0.00 ms.
Initialize engine version: 2021.3.5f1 (40eb3a945986)
[Subsystems] Discovering subsystems at path C:/Program Files/Unity/Hub/Editor/2021.3.5f1/Editor/Data/Resources/UnitySubsystems
[Subsystems] Discovering subsystems at path C:/Users/clove/Documents/GitHub/Planet949/Planet949/Assets
GfxDevice: creating device client; threaded=0; jobified=0
Direct3D:
    Version:  Direct3D 11.0 [level 11.1]
    Renderer: Intel(R) UHD Graphics 620 (ID=0x3ea0)
    Vendor:   Intel
    VRAM:     4006 MB
    Driver:   31.0.101.2111
Initialize mono
Mono path[0] = 'C:/Program Files/Unity/Hub/Editor/2021.3.5f1/Editor/Data/Managed'
Mono path[1] = 'C:/Program Files/Unity/Hub/Editor/2021.3.5f1/Editor/Data/MonoBleedingEdge/lib/mono/unityjit-win32'
Mono config path = 'C:/Program Files/Unity/Hub/Editor/2021.3.5f1/Editor/Data/MonoBleedingEdge/etc'
Using monoOptions --debugger-agent=transport=dt_socket,embedding=1,server=y,suspend=n,address=127.0.0.1:56696
Begin MonoManager ReloadAssembly
Registering precompiled unity dll's ...
Register platform support module: C:/Program Files/Unity/Hub/Editor/2021.3.5f1/Editor/Data/PlaybackEngines/WindowsStandaloneSupport/UnityEditor.WindowsStandalone.Extensions.dll
Registered in 0.014906 seconds.
Native extension for WindowsStandalone target not found
Refreshing native plugins compatible for Editor in 144.45 ms, found 3 plugins.
Preloading 0 native plugins for Editor in 0.00 ms.
Mono: successfully reloaded assembly
- Completed reload, in  1.166 seconds
Domain Reload Profiling:
	ReloadAssembly (1167ms)
		BeginReloadAssembly (144ms)
			ExecutionOrderSort (0ms)
			DisableScriptedObjects (0ms)
			BackupInstance (0ms)
			ReleaseScriptingObjects (0ms)
			CreateAndSetChildDomain (1ms)
		EndReloadAssembly (803ms)
			LoadAssemblies (138ms)
			RebuildTransferFunctionScriptingTraits (0ms)
			SetupTypeCache (184ms)
			ReleaseScriptCaches (0ms)
			RebuildScriptCaches (55ms)
			SetupLoadedEditorAssemblies (475ms)
				LogAssemblyErrors (0ms)
				InitializePlatformSupportModulesInManaged (13ms)
				SetLoadedEditorAssemblies (0ms)
				RefreshPlugins (145ms)
				BeforeProcessingInitializeOnLoad (2ms)
				ProcessInitializeOnLoadAttributes (236ms)
				ProcessInitializeOnLoadMethodAttributes (79ms)
				AfterProcessingInitializeOnLoad (0ms)
				EditorAssembliesLoaded (0ms)
			ExecutionOrderSort2 (0ms)
			AwakeInstancesAfterBackupRestoration (0ms)
Platform modules already initialized, skipping
Registering precompiled user dll's ...
Registered in 0.010099 seconds.
Begin MonoManager ReloadAssembly
Symbol file LoadedFromMemory doesn't match image C:\Users\clove\Documents\GitHub\Planet949\Planet949\Library\PackageCache\com.unity.visualscripting@1.7.8\Editor\VisualScripting.Core\Dependencies\YamlDotNet\Unity.VisualScripting.YamlDotNet.dll
Symbol file LoadedFromMemory doesn't match image C:\Users\clove\Documents\GitHub\Planet949\Planet949\Library\PackageCache\com.unity.visualscripting@1.7.8\Editor\VisualScripting.Core\Dependencies\DotNetZip\Unity.VisualScripting.IonicZip.dll
Native extension for WindowsStandalone target not found
Refreshing native plugins compatible for Editor in 1.67 ms, found 3 plugins.
Preloading 0 native plugins for Editor in 0.00 ms.
Mono: successfully reloaded assembly
- Completed reload, in  2.015 seconds
Domain Reload Profiling:
	ReloadAssembly (2017ms)
		BeginReloadAssembly (188ms)
			ExecutionOrderSort (0ms)
			DisableScriptedObjects (11ms)
			BackupInstance (0ms)
			ReleaseScriptingObjects (0ms)
			CreateAndSetChildDomain (29ms)
		EndReloadAssembly (1600ms)
			LoadAssemblies (156ms)
			RebuildTransferFunctionScriptingTraits (0ms)
			SetupTypeCache (533ms)
			ReleaseScriptCaches (1ms)
			RebuildScriptCaches (97ms)
			SetupLoadedEditorAssemblies (723ms)
				LogAssemblyErrors (0ms)
				InitializePlatformSupportModulesInManaged (12ms)
				SetLoadedEditorAssemblies (1ms)
				RefreshPlugins (2ms)
				BeforeProcessingInitializeOnLoad (215ms)
				ProcessInitializeOnLoadAttributes (427ms)
				ProcessInitializeOnLoadMethodAttributes (47ms)
				AfterProcessingInitializeOnLoad (19ms)
				EditorAssembliesLoaded (0ms)
			ExecutionOrderSort2 (0ms)
			AwakeInstancesAfterBackupRestoration (13ms)
Platform modules already initialized, skipping
========================================================================
Worker process is ready to serve import requests
Launched and connected shader compiler UnityShaderCompiler.exe after 0.28 seconds
Refreshing native plugins compatible for Editor in 1.09 ms, found 3 plugins.
Preloading 0 native plugins for Editor in 0.00 ms.
Unloading 3370 Unused Serialized files (Serialized files now loaded: 0)
Unloading 27 unused Assets / (111.1 KB). Loaded Objects now: 3844.
Memory consumption went from 128.2 MB to 128.1 MB.
Total: 5.713400 ms (FindLiveObjects: 0.493400 ms CreateObjectMapping: 0.307900 ms MarkObjects: 4.797900 ms  DeleteObjects: 0.111000 ms)

AssetImportParameters requested are different than current active one (requested -> active):
  custom:video-decoder-ogg-theora: a1e56fd34408186e4bbccfd4996cb3dc -> 
  custom:container-muxer-webm: aa71ff27fc2769a1b78a27578f13a17b -> 
  custom:container-demuxer-webm: 4f35f7cbe854078d1ac9338744f61a02 -> 
  custom:video-encoder-webm-vp8: eb34c28f22e8b96e1ab97ce403110664 -> 
  custom:audio-encoder-webm-vorbis: bf7c407c2cedff20999df2af8eb42d56 -> 
  custom:framework-win-MediaFoundation: 216162199b28c13a410421893ffa2e32 -> 
  custom:container-demuxer-ogg: 62fdf1f143b41e24485cea50d1cbac27 -> 
  custom:video-decoder-webm-vp8: 9c59270c3fd7afecdb556c50c9e8de78 -> 
  custom:audio-decoder-ogg-vorbis: bf7c407c2cedff20999df2af8eb42d56 -> 
========================================================================
Received Import Request.
  Time since last request: 698985.621382 seconds.
  path: Assets/Tree.prefab
  artifactKey: Guid(7070d8835bf668745b9b68c58ad7265c) Importer(815301076,1909f56bfc062723c751e8b465ee728b)
Start importing Assets/Tree.prefab using Guid(7070d8835bf668745b9b68c58ad7265c) Importer(815301076,1909f56bfc062723c751e8b465ee728b)  -> (artifact id: '107c5a1432c48ec9f0416cf19d7919f7') in 1.145154 seconds 
========================================================================
Received Prepare
Registering precompiled user dll's ...
Registered in 0.013059 seconds.
Begin MonoManager ReloadAssembly
Symbol file LoadedFromMemory doesn't match image C:\Users\clove\Documents\GitHub\Planet949\Planet949\Library\PackageCache\com.unity.visualscripting@1.7.8\Editor\VisualScripting.Core\Dependencies\YamlDotNet\Unity.VisualScripting.YamlDotNet.dll
Symbol file LoadedFromMemory doesn't match image C:\Users\clove\Documents\GitHub\Planet949\Planet949\Library\PackageCache\com.unity.visualscripting@1.7.8\Editor\VisualScripting.Core\Dependencies\DotNetZip\Unity.VisualScripting.IonicZip.dll
Native extension for WindowsStandalone target not found
Refreshing native plugins compatible for Editor in 3.13 ms, found 3 plugins.
Preloading 0 native plugins for Editor in 0.00 ms.
Mono: successfully reloaded assembly
- Completed reload, in  4.955 seconds
Domain Reload Profiling:
	ReloadAssembly (4957ms)
		BeginReloadAssembly (618ms)
			ExecutionOrderSort (0ms)
			DisableScriptedObjects (19ms)
			BackupInstance (0ms)
			ReleaseScriptingObjects (0ms)
			CreateAndSetChildDomain (209ms)
		EndReloadAssembly (3859ms)
			LoadAssemblies (389ms)
			RebuildTransferFunctionScriptingTraits (0ms)
			SetupTypeCache (1314ms)
			ReleaseScriptCaches (4ms)
			RebuildScriptCaches (214ms)
			SetupLoadedEditorAssemblies (1700ms)
				LogAssemblyErrors (0ms)
				InitializePlatformSupportModulesInManaged (73ms)
				SetLoadedEditorAssemblies (4ms)
				RefreshPlugins (3ms)
				BeforeProcessingInitializeOnLoad (371ms)
				ProcessInitializeOnLoadAttributes (1047ms)
				ProcessInitializeOnLoadMethodAttributes (146ms)
				AfterProcessingInitializeOnLoad (55ms)
				EditorAssembliesLoaded (2ms)
			ExecutionOrderSort2 (0ms)
			AwakeInstancesAfterBackupRestoration (37ms)
Platform modules already initialized, skipping
Refreshing native plugins compatible for Editor in 7.24 ms, found 3 plugins.
Preloading 0 native plugins for Editor in 0.00 ms.
Unloading 3365 Unused Serialized files (Serialized files now loaded: 0)
Unloading 20 unused Assets / (78.6 KB). Loaded Objects now: 3889.
Memory consumption went from 132.8 MB to 132.8 MB.
Total: 9.206200 ms (FindLiveObjects: 0.688400 ms CreateObjectMapping: 0.379900 ms MarkObjects: 7.883800 ms  DeleteObjects: 0.250800 ms)

AssetImportParameters requested are different than current active one (requested -> active):
  custom:video-decoder-ogg-theora: a1e56fd34408186e4bbccfd4996cb3dc -> 
  custom:container-muxer-webm: aa71ff27fc2769a1b78a27578f13a17b -> 
  custom:container-demuxer-webm: 4f35f7cbe854078d1ac9338744f61a02 -> 
  custom:video-encoder-webm-vp8: eb34c28f22e8b96e1ab97ce403110664 -> 
  custom:audio-encoder-webm-vorbis: bf7c407c2cedff20999df2af8eb42d56 -> 
  custom:framework-win-MediaFoundation: 216162199b28c13a410421893ffa2e32 -> 
  custom:container-demuxer-ogg: 62fdf1f143b41e24485cea50d1cbac27 -> 
  custom:video-decoder-webm-vp8: 9c59270c3fd7afecdb556c50c9e8de78 -> 
  custom:audio-decoder-ogg-vorbis: bf7c407c2cedff20999df2af8eb42d56 -> 
========================================================================
Received Prepare
Registering precompiled user dll's ...
Registered in 0.013447 seconds.
Begin MonoManager ReloadAssembly
Symbol file LoadedFromMemory doesn't match image C:\Users\clove\Documents\GitHub\Planet949\Planet949\Library\PackageCache\com.unity.visualscripting@1.7.8\Editor\VisualScripting.Core\Dependencies\YamlDotNet\Unity.VisualScripting.YamlDotNet.dll
Symbol file LoadedFromMemory doesn't match image C:\Users\clove\Documents\GitHub\Planet949\Planet949\Library\PackageCache\com.unity.visualscripting@1.7.8\Editor\VisualScripting.Core\Dependencies\DotNetZip\Unity.VisualScripting.IonicZip.dll
Native extension for WindowsStandalone target not found
Refreshing native plugins compatible for Editor in 3.13 ms, found 3 plugins.
Preloading 0 native plugins for Editor in 0.00 ms.
Mono: successfully reloaded assembly
- Completed reload, in  4.930 seconds
Domain Reload Profiling:
	ReloadAssembly (4933ms)
		BeginReloadAssembly (627ms)
			ExecutionOrderSort (0ms)
			DisableScriptedObjects (22ms)
			BackupInstance (0ms)
			ReleaseScriptingObjects (0ms)
			CreateAndSetChildDomain (154ms)
		EndReloadAssembly (3792ms)
			LoadAssemblies (447ms)
			RebuildTransferFunctionScriptingTraits (0ms)
			SetupTypeCache (1328ms)
			ReleaseScriptCaches (5ms)
			RebuildScriptCaches (212ms)
			SetupLoadedEditorAssemblies (1621ms)
				LogAssemblyErrors (0ms)
				InitializePlatformSupportModulesInManaged (67ms)
				SetLoadedEditorAssemblies (2ms)
				RefreshPlugins (3ms)
				BeforeProcessingInitializeOnLoad (340ms)
				ProcessInitializeOnLoadAttributes (1008ms)
				ProcessInitializeOnLoadMethodAttributes (150ms)
				AfterProcessingInitializeOnLoad (52ms)
				EditorAssembliesLoaded (1ms)
			ExecutionOrderSort2 (0ms)
			AwakeInstancesAfterBackupRestoration (32ms)
Platform modules already initialized, skipping
Refreshing native plugins compatible for Editor in 8.15 ms, found 3 plugins.
Preloading 0 native plugins for Editor in 0.00 ms.
Unloading 3365 Unused Serialized files (Serialized files now loaded: 0)
Unloading 20 unused Assets / (78.5 KB). Loaded Objects now: 3892.
Memory consumption went from 132.8 MB to 132.8 MB.
Total: 8.488200 ms (FindLiveObjects: 1.012500 ms CreateObjectMapping: 0.531300 ms MarkObjects: 6.626000 ms  DeleteObjects: 0.311200 ms)

AssetImportParameters requested are different than current active one (requested -> active):
  custom:video-decoder-ogg-theora: a1e56fd34408186e4bbccfd4996cb3dc -> 
  custom:container-muxer-webm: aa71ff27fc2769a1b78a27578f13a17b -> 
  custom:container-demuxer-webm: 4f35f7cbe854078d1ac9338744f61a02 -> 
  custom:video-encoder-webm-vp8: eb34c28f22e8b96e1ab97ce403110664 -> 
  custom:audio-encoder-webm-vorbis: bf7c407c2cedff20999df2af8eb42d56 -> 
  custom:framework-win-MediaFoundation: 216162199b28c13a410421893ffa2e32 -> 
  custom:container-demuxer-ogg: 62fdf1f143b41e24485cea50d1cbac27 -> 
  custom:video-decoder-webm-vp8: 9c59270c3fd7afecdb556c50c9e8de78 -> 
  custom:audio-decoder-ogg-vorbis: bf7c407c2cedff20999df2af8eb42d56 -> 
========================================================================
Received Import Request.
  Time since last request: 301.020013 seconds.
  path: Assets
  artifactKey: Guid(00000000000000001000000000000000) Importer(815301076,1909f56bfc062723c751e8b465ee728b)
Start importing Assets using Guid(00000000000000001000000000000000) Importer(815301076,1909f56bfc062723c751e8b465ee728b)  -> (artifact id: '79842766b460edbeab6a34051e857a80') in 0.016251 seconds 
========================================================================
Received Import Request.
  Time since last request: 10.153454 seconds.
  path: Assets/New Prefab.prefab
  artifactKey: Guid(746feaa7006d4ec4a892b91b4d37ff47) Importer(815301076,1909f56bfc062723c751e8b465ee728b)
Start importing Assets/New Prefab.prefab using Guid(746feaa7006d4ec4a892b91b4d37ff47) Importer(815301076,1909f56bfc062723c751e8b465ee728b)  -> (artifact id: 'd42b086499d2cbc102250e267b4019e9') in 0.039601 seconds 
========================================================================
Received Import Request.
  Time since last request: 277.934843 seconds.
  path: Assets/Tree_Textures/diffuse.png
  artifactKey: Guid(14e6d249281d8564aa81847574855b65) Importer(815301076,1909f56bfc062723c751e8b465ee728b)
Start importing Assets/Tree_Textures/diffuse.png using Guid(14e6d249281d8564aa81847574855b65) Importer(815301076,1909f56bfc062723c751e8b465ee728b)  -> (artifact id: 'c669ba0b7ae5ffb0ee6008fe92e633af') in 1.404106 seconds 
========================================================================
Received Import Request.
  Time since last request: 0.000042 seconds.
  path: Assets/Tree_Textures/shadow.png
  artifactKey: Guid(1180fdcdeeada5f4cb642cd887ff343a) Importer(815301076,1909f56bfc062723c751e8b465ee728b)
Start importing Assets/Tree_Textures/shadow.png using Guid(1180fdcdeeada5f4cb642cd887ff343a) Importer(815301076,1909f56bfc062723c751e8b465ee728b)  -> (artifact id: 'de4be49e6fce35686ec89e61c943aa8a') in 0.033302 seconds 
========================================================================
Received Import Request.
  Time since last request: 0.000049 seconds.
  path: Assets/Tree_Textures
  artifactKey: Guid(90665621220ba72488c554e2c56247dc) Importer(815301076,1909f56bfc062723c751e8b465ee728b)
Start importing Assets/Tree_Textures using Guid(90665621220ba72488c554e2c56247dc) Importer(815301076,1909f56bfc062723c751e8b465ee728b)  -> (artifact id: '8c12f637205d8782b7f44f76ca01530e') in 0.006373 seconds 
========================================================================
Received Import Request.
  Time since last request: 0.000047 seconds.
  path: Assets/Tree_Textures/translucency_gloss.png
  artifactKey: Guid(2c3f5e7a4d5fa2f46802d62a01844f50) Importer(815301076,1909f56bfc062723c751e8b465ee728b)
Start importing Assets/Tree_Textures/translucency_gloss.png using Guid(2c3f5e7a4d5fa2f46802d62a01844f50) Importer(815301076,1909f56bfc062723c751e8b465ee728b)  -> (artifact id: '2fca4f47494ebea3eb188f5d64a4e9fd') in 0.025953 seconds 
========================================================================
Received Import Request.
  Time since last request: 5.969373 seconds.
  path: Assets/Tree.prefab
  artifactKey: Guid(7070d8835bf668745b9b68c58ad7265c) Importer(815301076,1909f56bfc062723c751e8b465ee728b)
Start importing Assets/Tree.prefab using Guid(7070d8835bf668745b9b68c58ad7265c) Importer(815301076,1909f56bfc062723c751e8b465ee728b)  -> (artifact id: '0e9b54d78c82f3ff292063297fa39202') in 0.144028 seconds 
========================================================================
Received Import Request.
  Time since last request: 843.915165 seconds.
  path: Assets/klen/Model/Maple_468Poly.FBX
  artifactKey: Guid(6b2a786dcc3080a438c2c49b139812fe) Importer(815301076,1909f56bfc062723c751e8b465ee728b)
Start importing Assets/klen/Model/Maple_468Poly.FBX using Guid(6b2a786dcc3080a438c2c49b139812fe) Importer(815301076,1909f56bfc062723c751e8b465ee728b)  -> (artifact id: '31d584e14c3921c2e6be76fcd2221c42') in 1.548260 seconds 
========================================================================
Received Import Request.
  Time since last request: 0.000051 seconds.
  path: Assets/klen/Model/Maple_10605poly.fbx
  artifactKey: Guid(44b7eb54991cbf9438b7c1b68944e667) Importer(815301076,1909f56bfc062723c751e8b465ee728b)
Start importing Assets/klen/Model/Maple_10605poly.fbx using Guid(44b7eb54991cbf9438b7c1b68944e667) Importer(815301076,1909f56bfc062723c751e8b465ee728b)  -> (artifact id: 'a817a30150a6d670a413cd31800d01f7') in 0.350053 seconds 
========================================================================
Received Import Request.
  Time since last request: 0.000055 seconds.
  path: Assets/klen/Model/Maple_1152Poly.FBX
  artifactKey: Guid(b166c0863e16bbe499f962eb9cb62399) Importer(815301076,1909f56bfc062723c751e8b465ee728b)
Start importing Assets/klen/Model/Maple_1152Poly.FBX using Guid(b166c0863e16bbe499f962eb9cb62399) Importer(815301076,1909f56bfc062723c751e8b465ee728b)  -> (artifact id: 'cb780bdc3cf1cf9becfa7450cc741694') in 0.238277 seconds 
========================================================================
Received Import Request.
  Time since last request: 0.000045 seconds.
  path: Assets/klen/Model/Maple_5423poly.fbx
  artifactKey: Guid(578fac48c5111d04bb3284996b6e3778) Importer(815301076,1909f56bfc062723c751e8b465ee728b)
Start importing Assets/klen/Model/Maple_5423poly.fbx using Guid(578fac48c5111d04bb3284996b6e3778) Importer(815301076,1909f56bfc062723c751e8b465ee728b)  -> (artifact id: '87794ae1a23c34df2e25c2c2ea27dd53') in 0.310268 seconds 
========================================================================
Received Import Request.
  Time since last request: 0.000074 seconds.
  path: Assets/klen/Model/Maple_7281poly.fbx
  artifactKey: Guid(f09ed798ee7dcf440bcd3964aaf55f94) Importer(815301076,1909f56bfc062723c751e8b465ee728b)
Start importing Assets/klen/Model/Maple_7281poly.fbx using Guid(f09ed798ee7dcf440bcd3964aaf55f94) Importer(815301076,1909f56bfc062723c751e8b465ee728b)  -> (artifact id: '18fa572c5ab76a236521913b4efa90e0') in 0.343676 seconds 
========================================================================
Received Import Request.
  Time since last request: 0.000048 seconds.
  path: Assets/klen/Model
  artifactKey: Guid(d4aeb59c60d5a244795922fa1f0e360b) Importer(815301076,1909f56bfc062723c751e8b465ee728b)
Start importing Assets/klen/Model using Guid(d4aeb59c60d5a244795922fa1f0e360b) Importer(815301076,1909f56bfc062723c751e8b465ee728b)  -> (artifact id: 'bd0b240d7ec773e1a747e5837df87e8b') in 0.006000 seconds 
========================================================================
Received Import Request.
  Time since last request: 0.000053 seconds.
  path: Assets/klen/Model/Maple_12338Poly.fbx
  artifactKey: Guid(3ddc197b6411dce4e870bdda434920ca) Importer(815301076,1909f56bfc062723c751e8b465ee728b)
Start importing Assets/klen/Model/Maple_12338Poly.fbx using Guid(3ddc197b6411dce4e870bdda434920ca) Importer(815301076,1909f56bfc062723c751e8b465ee728b)  -> (artifact id: 'f29c5dbf53c44340b6272d14b599fe2d') in 0.333204 seconds 
========================================================================
Received Import Request.
  Time since last request: 0.000053 seconds.
  path: Assets/klen/Model/Maple_1952Poly.FBX
  artifactKey: Guid(d3586101ab7cecf49a0618f3c50949d7) Importer(815301076,1909f56bfc062723c751e8b465ee728b)
Start importing Assets/klen/Model/Maple_1952Poly.FBX using Guid(d3586101ab7cecf49a0618f3c50949d7) Importer(815301076,1909f56bfc062723c751e8b465ee728b)  -> (artifact id: '3f9cd0d9c561afd06db5182a0b4213c3') in 0.303515 seconds 
========================================================================
Received Import Request.
  Time since last request: 0.492656 seconds.
  path: Assets/klen/Prefab/Maple_1001Poly.prefab
  artifactKey: Guid(1c7b06a63b38a134f963bf318ec6a01a) Importer(815301076,1909f56bfc062723c751e8b465ee728b)
Start importing Assets/klen/Prefab/Maple_1001Poly.prefab using Guid(1c7b06a63b38a134f963bf318ec6a01a) Importer(815301076,1909f56bfc062723c751e8b465ee728b)  -> (artifact id: '993923ebfe0637094a194f10cc6869b3') in 0.020814 seconds 
========================================================================
Received Import Request.
  Time since last request: 0.000041 seconds.
  path: Assets/klen/Prefab/Maple_10605poly.prefab
  artifactKey: Guid(223e653109a281b498ebb2761e94ae1f) Importer(815301076,1909f56bfc062723c751e8b465ee728b)
Start importing Assets/klen/Prefab/Maple_10605poly.prefab using Guid(223e653109a281b498ebb2761e94ae1f) Importer(815301076,1909f56bfc062723c751e8b465ee728b)  -> (artifact id: '9f31c68d00aec9c5ac051e6c76b2a3bf') in 0.282855 seconds 
========================================================================
Received Import Request.
  Time since last request: 0.000050 seconds.
  path: Assets/klen/Prefab/Maple_8631Poly.prefab
  artifactKey: Guid(35561ca73af3a7c4898756735f464857) Importer(815301076,1909f56bfc062723c751e8b465ee728b)
Start importing Assets/klen/Prefab/Maple_8631Poly.prefab using Guid(35561ca73af3a7c4898756735f464857) Importer(815301076,1909f56bfc062723c751e8b465ee728b)  -> (artifact id: 'f69f92d396d52fe9791f3a6a1dbcac16') in 0.270514 seconds 
========================================================================
Received Import Request.
  Time since last request: 0.000083 seconds.
  path: Assets/klen/Prefab/Maple_5423poly.prefab
  artifactKey: Guid(9cb1cd7345680be4fb1561ee1020c61b) Importer(815301076,1909f56bfc062723c751e8b465ee728b)
Start importing Assets/klen/Prefab/Maple_5423poly.prefab using Guid(9cb1cd7345680be4fb1561ee1020c61b) Importer(815301076,1909f56bfc062723c751e8b465ee728b)  -> (artifact id: 'a94d8432a07ae0ce5ce2e54017f8348a') in 0.247802 seconds 
========================================================================
Received Import Request.
  Time since last request: 0.000093 seconds.
  path: Assets/klen/Prefab/Maple_7281poly.prefab
  artifactKey: Guid(ed94a5331bd9afd47b50e26dce5d40de) Importer(815301076,1909f56bfc062723c751e8b465ee728b)
Start importing Assets/klen/Prefab/Maple_7281poly.prefab using Guid(ed94a5331bd9afd47b50e26dce5d40de) Importer(815301076,1909f56bfc062723c751e8b465ee728b)  -> (artifact id: 'b4f174339bbf3ac5f161db02924837eb') in 0.257052 seconds 
Editor requested this worker to shutdown with reason: Scaling down because of idle timeout
AssetImportWorker is now disconnected from the server
Process exiting
Exiting without the bug reporter. Application will terminate with return code 0